<?xml version="1.0" encoding="UTF-8"?>
<testsuite xmlns:xsi="http://www.w3.org/2001/XMLSchema-instance" xsi:noNamespaceSchemaLocation="https://maven.apache.org/surefire/maven-surefire-plugin/xsd/surefire-test-report-3.0.xsd" version="3.0" name="TestSuite" time="27.965" tests="3" errors="0" skipped="0" failures="0">
  <properties>
[...]
</properties>
  <testcase name="launchAndGetTitle[chrome](1)" classname="com.tests.AmazonTest" time="16.365">
    <system-out><![CDATA[Connection established with Chrome Browser
Connection established with Edge Browser
Connection established with firefox Browser
Title of page is:Example Domain
]]></system-out>
    <system-err><![CDATA[SLF4J(W): No SLF4J providers were found.
SLF4J(W): Defaulting to no-operation (NOP) logger implementation
SLF4J(W): See https://www.slf4j.org/codes.html#noProviders for further details.
Jan 21, 2026 3:47:40 PM org.openqa.selenium.remote.tracing.opentelemetry.OpenTelemetryTracer createTracer
INFO: Using OpenTelemetry for tracing
]]></system-err>
  </testcase>
  <testcase name="launchAndGetTitle[edge](1)" classname="com.tests.AmazonTest" time="24.785">
    <system-out><![CDATA[Title of page is:Example Domain
]]></system-out>
  </testcase>
  <testcase name="launchAndGetTitle[firefox](1)" classname="com.tests.AmazonTest" time="27.074">
    <system-out><![CDATA[Title of page is:Example Domain
]]></system-out>
  </testcase>
</testsuite>