<?xml version="1.0" encoding="UTF-8"?>
<testng-results ignored="0" total="3" passed="3" failed="0" skipped="0">
  <reporter-output>
  </reporter-output>
  <suite started-at="2026-01-21T15:47:40 IST" name="Amazon Grid Suite" finished-at="2026-01-21T15:48:07 IST" duration-ms="27171">
    <groups>
    </groups>
    <test started-at="2026-01-21T15:47:40 IST" name="Chrome Test" finished-at="2026-01-21T15:47:56 IST" duration-ms="16463">
      <class name="com.tests.AmazonTest">
        <test-method signature="launchAndGetTitle(java.lang.String)[pri:0, instance:com.tests.AmazonTest@6dbb137d]" started-at="2026-01-21T15:47:40 IST" name="launchAndGetTitle" finished-at="2026-01-21T15:47:56 IST" duration-ms="16369" status="PASS">
          <params>
            <param index="0">
              <value>
                <![CDATA[chrome]]>
              </value>
            </param>
          </params>
          <reporter-output>
          </reporter-output>
        </test-method> <!-- launchAndGetTitle -->
      </class> <!-- com.tests.AmazonTest -->
    </test> <!-- Chrome Test -->
    <test started-at="2026-01-21T15:47:40 IST" name="Edge Test" finished-at="2026-01-21T15:48:05 IST" duration-ms="24881">
      <class name="com.tests.AmazonTest">
        <test-method signature="launchAndGetTitle(java.lang.String)[pri:0, instance:com.tests.AmazonTest@6f96c77]" started-at="2026-01-21T15:47:40 IST" name="launchAndGetTitle" finished-at="2026-01-21T15:48:05 IST" duration-ms="24791" status="PASS">
          <params>
            <param index="0">
              <value>
                <![CDATA[edge]]>
              </value>
            </param>
          </params>
          <reporter-output>
          </reporter-output>
        </test-method> <!-- launchAndGetTitle -->
      </class> <!-- com.tests.AmazonTest -->
    </test> <!-- Edge Test -->
    <test started-at="2026-01-21T15:47:40 IST" name="Firefox Test" finished-at="2026-01-21T15:48:07 IST" duration-ms="27171">
      <class name="com.tests.AmazonTest">
        <test-method signature="launchAndGetTitle(java.lang.String)[pri:0, instance:com.tests.AmazonTest@4c9f8c13]" started-at="2026-01-21T15:47:40 IST" name="launchAndGetTitle" finished-at="2026-01-21T15:48:07 IST" duration-ms="27081" status="PASS">
          <params>
            <param index="0">
              <value>
                <![CDATA[firefox]]>
              </value>
            </param>
          </params>
          <reporter-output>
          </reporter-output>
        </test-method> <!-- launchAndGetTitle -->
      </class> <!-- com.tests.AmazonTest -->
    </test> <!-- Firefox Test -->
  </suite> <!-- Amazon Grid Suite -->
</testng-results>
