<?xml version="1.0" encoding="UTF-8"?>
<!-- Generated by org.testng.reporters.JUnitReportReporter -->
<testsuite hostname="DESKTOP-PTT999Q" failures="0" tests="3" name="com.tests.AmazonTest" time="68.241" errors="0" timestamp="2026-01-21T15:48:07 IST" skipped="0">
  <testcase classname="com.tests.AmazonTest" name="launchAndGetTitle" time="16.369"/>
  <testcase classname="com.tests.AmazonTest" name="launchAndGetTitle" time="24.791"/>
  <testcase classname="com.tests.AmazonTest" name="launchAndGetTitle" time="27.081"/>
</testsuite> <!-- com.tests.AmazonTest -->
